<?xml version="1.0" encoding="UTF-8"?>
<!-- Generated by org.testng.reporters.JUnitReportReporter -->
<testsuite skipped="0" hostname="MIDHUN" name="TestCases.LoginApplication" tests="1" failures="0" timestamp="05 Sep 2018 23:30:13 GMT" time="6.935" errors="0">
  <testcase name="Login" time="6.935" classname="TestCases.LoginApplication"/>
</testsuite> <!-- TestCases.LoginApplication -->
